* using log directory ‘/scail/u/liuyipei/gitdir/lymphclon/lymphclon.Rcheck’
* using R version 3.0.1 (2013-05-16)
* using platform: x86_64-pc-linux-gnu (64-bit)
* using session charset: UTF-8
* checking for file ‘lymphclon/DESCRIPTION’ ... OK
* this is package ‘lymphclon’ version ‘0.5.23’
* checking package namespace information ... OK
* checking package dependencies ... OK
* checking if this is a source package ... OK
* checking if there is a namespace ... OK
* checking for executable files ... OK
* checking for hidden files and directories ... OK
* checking for portable file names ... OK
* checking for sufficient/correct file permissions ... OK
* checking whether package ‘lymphclon’ can be installed ... OK
* checking installed package size ... OK
* checking package directory ... OK
* checking DESCRIPTION meta-information ... OK
* checking top-level files ... OK
* checking for left-over files ... OK
* checking index information ... OK
* checking package subdirectories ... OK
* checking R files for non-ASCII characters ... OK
* checking R files for syntax errors ... OK
* checking whether the package can be loaded ... OK
* checking whether the package can be loaded with stated dependencies ... OK
* checking whether the package can be unloaded cleanly ... OK
* checking whether the namespace can be loaded with stated dependencies ... OK
* checking whether the namespace can be unloaded cleanly ... OK
* checking loading without being on the library search path ... OK
* checking for unstated dependencies in R code ... OK
* checking S3 generic/method consistency ... WARNING
simulate:
  function(object, nsim, seed, ...)
simulate.clonality.data:
  function(n, num.cells.taken.vector, read.count.per.replicate.vector,
           clonal.distribution.power)

See section ‘Generic functions and methods’ of the ‘Writing R
Extensions’ manual.
* checking replacement functions ... OK
* checking foreign function calls ... OK
* checking R code for possible problems ... OK
* checking Rd files ... NOTE
prepare_Rd: infer.clonality.Rd:31-33: Dropping empty section \details
prepare_Rd: infer.clonality.Rd:49-51: Dropping empty section \note
prepare_Rd: infer.clonality.Rd:46-48: Dropping empty section \author
prepare_Rd: infer.clonality.Rd:43-45: Dropping empty section \references
prepare_Rd: infer.clonality.Rd:55-57: Dropping empty section \seealso
prepare_Rd: simulate.clonality.data.Rd:34-36: Dropping empty section \details
prepare_Rd: simulate.clonality.data.Rd:53-55: Dropping empty section \note
prepare_Rd: simulate.clonality.data.Rd:50-52: Dropping empty section \author
prepare_Rd: simulate.clonality.data.Rd:47-49: Dropping empty section \references
prepare_Rd: simulate.clonality.data.Rd:59-61: Dropping empty section \seealso
* checking Rd metadata ... OK
* checking Rd cross-references ... WARNING
Unknown package ‘<vegan>’ in Rd xrefs
* checking for missing documentation entries ... OK
* checking for code/documentation mismatches ... OK
* checking Rd \usage sections ... NOTE
S3 methods shown with full name in documentation object 'simulate.clonality.data':
  ‘simulate.clonality.data’

The \usage entries for S3 methods should use the \method markup and not
their full name.
See the chapter ‘Writing R documentation files’ in the ‘Writing R
Extensions’ manual.
* checking Rd contents ... OK
* checking for unstated dependencies in examples ... OK
* checking examples ... OK
* checking PDF version of manual ... OK
WARNING: There were 2 warnings.
NOTE: There were 2 notes.
See
  ‘/scail/u/liuyipei/gitdir/lymphclon/lymphclon.Rcheck/00check.log’
for details.
